<?xml version="1.0" encoding="UTF-8"?>
<testng-results ignored="0" total="13" passed="11" failed="2" skipped="0">
  <reporter-output>
  </reporter-output>
  <suite started-at="2024-09-21T16:09:27 IST" name="Suite" finished-at="2024-09-21T16:15:27 IST" duration-ms="360518">
    <groups>
      <group name="regression">
        <method signature="SignupTests.signuptest(java.lang.String,java.lang.String,java.lang.String,java.lang.String,java.lang.String,java.lang.String)[pri:1, instance:Tests.SignupTests@1f3f02ee]" name="signuptest" class="Tests.SignupTests"/>
        <method signature="Logintest.login(java.lang.String,java.lang.String,java.lang.String,java.lang.String)[pri:2, instance:Tests.Logintest@7ca20101]" name="login" class="Tests.Logintest"/>
        <method signature="Onewaytest.oneway(java.lang.String,java.lang.String,java.lang.String,java.lang.String,java.lang.String)[pri:3, instance:Tests.Onewaytest@33fe57a9]" name="oneway" class="Tests.Onewaytest"/>
        <method signature="Roundtriptest.roundtrip(java.lang.String,java.lang.String,java.lang.String,java.lang.String,java.lang.String)[pri:4, instance:Tests.Roundtriptest@4982cc36]" name="roundtrip" class="Tests.Roundtriptest"/>
        <method signature="validatetest.validate(java.lang.String,java.lang.String,java.lang.String)[pri:5, instance:Tests.validatetest@512535ff]" name="validate" class="Tests.validatetest"/>
      </group> <!-- regression -->
    </groups>
    <test started-at="2024-09-21T16:09:27 IST" name="Test1" finished-at="2024-09-21T16:13:40 IST" duration-ms="252906">
      <class name="Tests.Logintest">
        <test-method is-config="true" signature="before()[pri:0, instance:Tests.Logintest@7ca20101]" started-at="2024-09-21T16:09:27 IST" name="before" finished-at="2024-09-21T16:09:27 IST" duration-ms="8" status="PASS">
          <reporter-output>
          </reporter-output>
        </test-method> <!-- before -->
        <test-method is-config="true" signature="beforeSuite(java.lang.String)[pri:0, instance:Tests.Logintest@7ca20101]" started-at="2024-09-21T16:10:53 IST" name="beforeSuite" finished-at="2024-09-21T16:10:58 IST" duration-ms="5504" status="PASS">
          <params>
            <param index="0">
              <value>
                <![CDATA[Chrome]]>
              </value>
            </param>
          </params>
          <reporter-output>
          </reporter-output>
        </test-method> <!-- beforeSuite -->
        <test-method signature="login(java.lang.String,java.lang.String,java.lang.String,java.lang.String)[pri:2, instance:Tests.Logintest@7ca20101]" started-at="2024-09-21T16:10:58 IST" name="login" description="Login Test" data-provider="readingdatafromexcel" finished-at="2024-09-21T16:11:04 IST" duration-ms="5478" status="PASS">
          <params>
            <param index="0">
              <value>
                <![CDATA[]]>
              </value>
            </param>
            <param index="1">
              <value>
                <![CDATA[Arun@12345]]>
              </value>
            </param>
            <param index="2">
              <value>
                <![CDATA[//small[.='Enter valid mobile number']]]>
              </value>
            </param>
            <param index="3">
              <value>
                <![CDATA[Enter valid mobile number]]>
              </value>
            </param>
          </params>
          <reporter-output>
          </reporter-output>
        </test-method> <!-- login -->
        <test-method is-config="true" signature="afterSuite()[pri:0, instance:Tests.Logintest@7ca20101]" started-at="2024-09-21T16:11:04 IST" name="afterSuite" finished-at="2024-09-21T16:11:04 IST" duration-ms="170" status="PASS">
          <reporter-output>
          </reporter-output>
        </test-method> <!-- afterSuite -->
        <test-method is-config="true" signature="beforeSuite(java.lang.String)[pri:0, instance:Tests.Logintest@7ca20101]" started-at="2024-09-21T16:11:04 IST" name="beforeSuite" finished-at="2024-09-21T16:11:08 IST" duration-ms="3486" status="PASS">
          <params>
            <param index="0">
              <value>
                <![CDATA[Chrome]]>
              </value>
            </param>
          </params>
          <reporter-output>
          </reporter-output>
        </test-method> <!-- beforeSuite -->
        <test-method signature="login(java.lang.String,java.lang.String,java.lang.String,java.lang.String)[pri:2, instance:Tests.Logintest@7ca20101]" started-at="2024-09-21T16:11:08 IST" name="login" description="Login Test" data-provider="readingdatafromexcel" finished-at="2024-09-21T16:11:12 IST" duration-ms="4830" status="PASS">
          <params>
            <param index="0">
              <value>
                <![CDATA[9.514248426E9]]>
              </value>
            </param>
            <param index="1">
              <value>
                <![CDATA[]]>
              </value>
            </param>
            <param index="2">
              <value>
                <![CDATA[/html[1]/body[1]/div[4]/div[1]/div[1]/div[1]/form[1]/div[4]/small[1]]]>
              </value>
            </param>
            <param index="3">
              <value>
                <![CDATA[Enter Password]]>
              </value>
            </param>
          </params>
          <reporter-output>
          </reporter-output>
        </test-method> <!-- login -->
        <test-method is-config="true" signature="afterSuite()[pri:0, instance:Tests.Logintest@7ca20101]" started-at="2024-09-21T16:11:12 IST" name="afterSuite" finished-at="2024-09-21T16:11:13 IST" duration-ms="131" status="PASS">
          <reporter-output>
          </reporter-output>
        </test-method> <!-- afterSuite -->
        <test-method is-config="true" signature="beforeSuite(java.lang.String)[pri:0, instance:Tests.Logintest@7ca20101]" started-at="2024-09-21T16:11:13 IST" name="beforeSuite" finished-at="2024-09-21T16:11:16 IST" duration-ms="3539" status="PASS">
          <params>
            <param index="0">
              <value>
                <![CDATA[Chrome]]>
              </value>
            </param>
          </params>
          <reporter-output>
          </reporter-output>
        </test-method> <!-- beforeSuite -->
        <test-method signature="login(java.lang.String,java.lang.String,java.lang.String,java.lang.String)[pri:2, instance:Tests.Logintest@7ca20101]" started-at="2024-09-21T16:11:16 IST" name="login" description="Login Test" data-provider="readingdatafromexcel" finished-at="2024-09-21T16:11:22 IST" duration-ms="5564" status="PASS">
          <params>
            <param index="0">
              <value>
                <![CDATA[]]>
              </value>
            </param>
            <param index="1">
              <value>
                <![CDATA[]]>
              </value>
            </param>
            <param index="2">
              <value>
                <![CDATA[//small[.='Enter valid mobile number']]]>
              </value>
            </param>
            <param index="3">
              <value>
                <![CDATA[Enter valid mobile number]]>
              </value>
            </param>
          </params>
          <reporter-output>
          </reporter-output>
        </test-method> <!-- login -->
        <test-method is-config="true" signature="afterSuite()[pri:0, instance:Tests.Logintest@7ca20101]" started-at="2024-09-21T16:11:22 IST" name="afterSuite" finished-at="2024-09-21T16:11:22 IST" duration-ms="157" status="PASS">
          <reporter-output>
          </reporter-output>
        </test-method> <!-- afterSuite -->
        <test-method is-config="true" signature="beforeSuite(java.lang.String)[pri:0, instance:Tests.Logintest@7ca20101]" started-at="2024-09-21T16:11:22 IST" name="beforeSuite" finished-at="2024-09-21T16:11:30 IST" duration-ms="8301" status="PASS">
          <params>
            <param index="0">
              <value>
                <![CDATA[Chrome]]>
              </value>
            </param>
          </params>
          <reporter-output>
          </reporter-output>
        </test-method> <!-- beforeSuite -->
        <test-method signature="login(java.lang.String,java.lang.String,java.lang.String,java.lang.String)[pri:2, instance:Tests.Logintest@7ca20101]" started-at="2024-09-21T16:11:30 IST" name="login" description="Login Test" data-provider="readingdatafromexcel" finished-at="2024-09-21T16:12:20 IST" duration-ms="50294" status="FAIL">
          <params>
            <param index="0">
              <value>
                <![CDATA[9.514248426E9]]>
              </value>
            </param>
            <param index="1">
              <value>
                <![CDATA[Arun@12]]>
              </value>
            </param>
            <param index="2">
              <value>
                <![CDATA[/html[1]/body[1]/div[4]/div[1]/div[1]/div[1]/form[1]/div[4]/small[1]]]>
              </value>
            </param>
            <param index="3">
              <value>
                <![CDATA[Invalid username/password. Please try again]]>
              </value>
            </param>
          </params>
          <exception class="org.openqa.selenium.TimeoutException">
            <message>
              <![CDATA[Expected condition failed: waiting for visibility of element located by By.xpath: /html[1]/body[1]/div[4]/div[1]/div[1]/div[1]/form[1]/div[4]/small[1] (tried for 45 second(s) with 500 milliseconds interval)
Build info: version: '4.18.1', revision: 'b1d3319b48'
System info: os.name: 'Windows 11', os.arch: 'amd64', os.version: '10.0', java.version: '22.0.1'
Driver info: org.openqa.selenium.chrome.ChromeDriver
Capabilities {acceptInsecureCerts: false, browserName: chrome, browserVersion: 128.0.6613.139, chrome: {chromedriverVersion: 128.0.6613.137 (fe621c5aa2d..., userDataDir: C:\Users\harin\AppData\Loca...}, fedcm:accounts: true, goog:chromeOptions: {debuggerAddress: localhost:64360}, networkConnectionEnabled: false, pageLoadStrategy: normal, platformName: windows, proxy: Proxy(), se:cdp: ws://localhost:64360/devtoo..., se:cdpVersion: 128.0.6613.139, setWindowRect: true, strictFileInteractability: false, timeouts: {implicit: 0, pageLoad: 300000, script: 30000}, unhandledPromptBehavior: dismiss and notify, webauthn:extension:credBlob: true, webauthn:extension:largeBlob: true, webauthn:extension:minPinLength: true, webauthn:extension:prf: true, webauthn:virtualAuthenticators: true}
Session ID: 2122c28c9b7c3628379b2d1a66afb129]]>
            </message>
            <full-stacktrace>
              <![CDATA[org.openqa.selenium.TimeoutException: Expected condition failed: waiting for visibility of element located by By.xpath: /html[1]/body[1]/div[4]/div[1]/div[1]/div[1]/form[1]/div[4]/small[1] (tried for 45 second(s) with 500 milliseconds interval)
Build info: version: '4.18.1', revision: 'b1d3319b48'
System info: os.name: 'Windows 11', os.arch: 'amd64', os.version: '10.0', java.version: '22.0.1'
Driver info: org.openqa.selenium.chrome.ChromeDriver
Capabilities {acceptInsecureCerts: false, browserName: chrome, browserVersion: 128.0.6613.139, chrome: {chromedriverVersion: 128.0.6613.137 (fe621c5aa2d..., userDataDir: C:\Users\harin\AppData\Loca...}, fedcm:accounts: true, goog:chromeOptions: {debuggerAddress: localhost:64360}, networkConnectionEnabled: false, pageLoadStrategy: normal, platformName: windows, proxy: Proxy(), se:cdp: ws://localhost:64360/devtoo..., se:cdpVersion: 128.0.6613.139, setWindowRect: true, strictFileInteractability: false, timeouts: {implicit: 0, pageLoad: 300000, script: 30000}, unhandledPromptBehavior: dismiss and notify, webauthn:extension:credBlob: true, webauthn:extension:largeBlob: true, webauthn:extension:minPinLength: true, webauthn:extension:prf: true, webauthn:virtualAuthenticators: true}
Session ID: 2122c28c9b7c3628379b2d1a66afb129
at org.openqa.selenium.support.ui.WebDriverWait.timeoutException(WebDriverWait.java:84)
at org.openqa.selenium.support.ui.FluentWait.until(FluentWait.java:228)
at Utility.utils.actandexpec(utils.java:148)
at Tests.Logintest.login(Logintest.java:28)
at java.base/jdk.internal.reflect.DirectMethodHandleAccessor.invoke(DirectMethodHandleAccessor.java:103)
at java.base/java.lang.reflect.Method.invoke(Method.java:580)
at org.testng.internal.invokers.MethodInvocationHelper.invokeMethod(MethodInvocationHelper.java:141)
at org.testng.internal.invokers.TestInvoker.invokeMethod(TestInvoker.java:686)
at org.testng.internal.invokers.TestInvoker.invokeTestMethod(TestInvoker.java:230)
at org.testng.internal.invokers.MethodRunner.runInSequence(MethodRunner.java:63)
at org.testng.internal.invokers.TestInvoker$MethodInvocationAgent.invoke(TestInvoker.java:992)
at org.testng.internal.invokers.TestInvoker.invokeTestMethods(TestInvoker.java:203)
at org.testng.internal.invokers.TestMethodWorker.invokeTestMethods(TestMethodWorker.java:154)
at org.testng.internal.invokers.TestMethodWorker.run(TestMethodWorker.java:134)
at java.base/java.util.ArrayList.forEach(ArrayList.java:1597)
at org.testng.TestRunner.privateRun(TestRunner.java:739)
at org.testng.TestRunner.run(TestRunner.java:614)
at org.testng.SuiteRunner.runTest(SuiteRunner.java:421)
at org.testng.SuiteRunner.runSequentially(SuiteRunner.java:413)
at org.testng.SuiteRunner.privateRun(SuiteRunner.java:373)
at org.testng.SuiteRunner.run(SuiteRunner.java:312)
at org.testng.SuiteRunnerWorker.runSuite(SuiteRunnerWorker.java:52)
at org.testng.SuiteRunnerWorker.run(SuiteRunnerWorker.java:95)
at org.testng.TestNG.runSuitesSequentially(TestNG.java:1274)
at org.testng.TestNG.runSuitesLocally(TestNG.java:1208)
at org.testng.TestNG.runSuites(TestNG.java:1112)
at org.testng.TestNG.run(TestNG.java:1079)
at org.apache.maven.surefire.testng.TestNGExecutor.run(TestNGExecutor.java:284)
at org.apache.maven.surefire.testng.TestNGXmlTestSuite.execute(TestNGXmlTestSuite.java:75)
at org.apache.maven.surefire.testng.TestNGProvider.invoke(TestNGProvider.java:119)
at org.apache.maven.surefire.booter.ForkedBooter.runSuitesInProcess(ForkedBooter.java:428)
at org.apache.maven.surefire.booter.ForkedBooter.execute(ForkedBooter.java:162)
at org.apache.maven.surefire.booter.ForkedBooter.run(ForkedBooter.java:562)
at org.apache.maven.surefire.booter.ForkedBooter.main(ForkedBooter.java:548)
]]>
            </full-stacktrace>
          </exception> <!-- org.openqa.selenium.TimeoutException -->
          <reporter-output>
          </reporter-output>
        </test-method> <!-- login -->
        <test-method is-config="true" signature="afterSuite()[pri:0, instance:Tests.Logintest@7ca20101]" started-at="2024-09-21T16:12:21 IST" name="afterSuite" finished-at="2024-09-21T16:12:21 IST" duration-ms="253" status="PASS">
          <reporter-output>
          </reporter-output>
        </test-method> <!-- afterSuite -->
        <test-method is-config="true" signature="beforeSuite(java.lang.String)[pri:0, instance:Tests.Logintest@7ca20101]" started-at="2024-09-21T16:12:21 IST" name="beforeSuite" finished-at="2024-09-21T16:12:25 IST" duration-ms="4432" status="PASS">
          <params>
            <param index="0">
              <value>
                <![CDATA[Chrome]]>
              </value>
            </param>
          </params>
          <reporter-output>
          </reporter-output>
        </test-method> <!-- beforeSuite -->
        <test-method signature="login(java.lang.String,java.lang.String,java.lang.String,java.lang.String)[pri:2, instance:Tests.Logintest@7ca20101]" started-at="2024-09-21T16:12:25 IST" name="login" description="Login Test" data-provider="readingdatafromexcel" finished-at="2024-09-21T16:12:31 IST" duration-ms="6154" status="PASS">
          <params>
            <param index="0">
              <value>
                <![CDATA[]]>
              </value>
            </param>
            <param index="1">
              <value>
                <![CDATA[Arun@12]]>
              </value>
            </param>
            <param index="2">
              <value>
                <![CDATA[//small[.='Enter valid mobile number']]]>
              </value>
            </param>
            <param index="3">
              <value>
                <![CDATA[Enter valid mobile number]]>
              </value>
            </param>
          </params>
          <reporter-output>
          </reporter-output>
        </test-method> <!-- login -->
        <test-method is-config="true" signature="afterSuite()[pri:0, instance:Tests.Logintest@7ca20101]" started-at="2024-09-21T16:12:31 IST" name="afterSuite" finished-at="2024-09-21T16:12:32 IST" duration-ms="153" status="PASS">
          <reporter-output>
          </reporter-output>
        </test-method> <!-- afterSuite -->
        <test-method is-config="true" signature="beforeSuite(java.lang.String)[pri:0, instance:Tests.Logintest@7ca20101]" started-at="2024-09-21T16:12:32 IST" name="beforeSuite" finished-at="2024-09-21T16:12:35 IST" duration-ms="3590" status="PASS">
          <params>
            <param index="0">
              <value>
                <![CDATA[Chrome]]>
              </value>
            </param>
          </params>
          <reporter-output>
          </reporter-output>
        </test-method> <!-- beforeSuite -->
        <test-method signature="login(java.lang.String,java.lang.String,java.lang.String,java.lang.String)[pri:2, instance:Tests.Logintest@7ca20101]" started-at="2024-09-21T16:12:35 IST" name="login" description="Login Test" data-provider="readingdatafromexcel" finished-at="2024-09-21T16:13:30 IST" duration-ms="54335" status="FAIL">
          <params>
            <param index="0">
              <value>
                <![CDATA[1.23456789E9]]>
              </value>
            </param>
            <param index="1">
              <value>
                <![CDATA[Arun@12345]]>
              </value>
            </param>
            <param index="2">
              <value>
                <![CDATA[/html[1]/body[1]/div[4]/div[1]/div[1]/div[1]/form[1]/div[4]/small[1]]]>
              </value>
            </param>
            <param index="3">
              <value>
                <![CDATA[Invalid username/password. Please try again]]>
              </value>
            </param>
          </params>
          <exception class="org.openqa.selenium.TimeoutException">
            <message>
              <![CDATA[Expected condition failed: waiting for visibility of element located by By.xpath: /html[1]/body[1]/div[4]/div[1]/div[1]/div[1]/form[1]/div[4]/small[1] (tried for 45 second(s) with 500 milliseconds interval)
Build info: version: '4.18.1', revision: 'b1d3319b48'
System info: os.name: 'Windows 11', os.arch: 'amd64', os.version: '10.0', java.version: '22.0.1'
Driver info: org.openqa.selenium.chrome.ChromeDriver
Capabilities {acceptInsecureCerts: false, browserName: chrome, browserVersion: 128.0.6613.139, chrome: {chromedriverVersion: 128.0.6613.137 (fe621c5aa2d..., userDataDir: C:\Users\harin\AppData\Loca...}, fedcm:accounts: true, goog:chromeOptions: {debuggerAddress: localhost:64469}, networkConnectionEnabled: false, pageLoadStrategy: normal, platformName: windows, proxy: Proxy(), se:cdp: ws://localhost:64469/devtoo..., se:cdpVersion: 128.0.6613.139, setWindowRect: true, strictFileInteractability: false, timeouts: {implicit: 0, pageLoad: 300000, script: 30000}, unhandledPromptBehavior: dismiss and notify, webauthn:extension:credBlob: true, webauthn:extension:largeBlob: true, webauthn:extension:minPinLength: true, webauthn:extension:prf: true, webauthn:virtualAuthenticators: true}
Session ID: 5905b8015dea9d9969a87a83992622dd]]>
            </message>
            <full-stacktrace>
              <![CDATA[org.openqa.selenium.TimeoutException: Expected condition failed: waiting for visibility of element located by By.xpath: /html[1]/body[1]/div[4]/div[1]/div[1]/div[1]/form[1]/div[4]/small[1] (tried for 45 second(s) with 500 milliseconds interval)
Build info: version: '4.18.1', revision: 'b1d3319b48'
System info: os.name: 'Windows 11', os.arch: 'amd64', os.version: '10.0', java.version: '22.0.1'
Driver info: org.openqa.selenium.chrome.ChromeDriver
Capabilities {acceptInsecureCerts: false, browserName: chrome, browserVersion: 128.0.6613.139, chrome: {chromedriverVersion: 128.0.6613.137 (fe621c5aa2d..., userDataDir: C:\Users\harin\AppData\Loca...}, fedcm:accounts: true, goog:chromeOptions: {debuggerAddress: localhost:64469}, networkConnectionEnabled: false, pageLoadStrategy: normal, platformName: windows, proxy: Proxy(), se:cdp: ws://localhost:64469/devtoo..., se:cdpVersion: 128.0.6613.139, setWindowRect: true, strictFileInteractability: false, timeouts: {implicit: 0, pageLoad: 300000, script: 30000}, unhandledPromptBehavior: dismiss and notify, webauthn:extension:credBlob: true, webauthn:extension:largeBlob: true, webauthn:extension:minPinLength: true, webauthn:extension:prf: true, webauthn:virtualAuthenticators: true}
Session ID: 5905b8015dea9d9969a87a83992622dd
at org.openqa.selenium.support.ui.WebDriverWait.timeoutException(WebDriverWait.java:84)
at org.openqa.selenium.support.ui.FluentWait.until(FluentWait.java:228)
at Utility.utils.actandexpec(utils.java:148)
at Tests.Logintest.login(Logintest.java:28)
at java.base/jdk.internal.reflect.DirectMethodHandleAccessor.invoke(DirectMethodHandleAccessor.java:103)
at java.base/java.lang.reflect.Method.invoke(Method.java:580)
at org.testng.internal.invokers.MethodInvocationHelper.invokeMethod(MethodInvocationHelper.java:141)
at org.testng.internal.invokers.TestInvoker.invokeMethod(TestInvoker.java:686)
at org.testng.internal.invokers.TestInvoker.invokeTestMethod(TestInvoker.java:230)
at org.testng.internal.invokers.MethodRunner.runInSequence(MethodRunner.java:63)
at org.testng.internal.invokers.TestInvoker$MethodInvocationAgent.invoke(TestInvoker.java:992)
at org.testng.internal.invokers.TestInvoker.invokeTestMethods(TestInvoker.java:203)
at org.testng.internal.invokers.TestMethodWorker.invokeTestMethods(TestMethodWorker.java:154)
at org.testng.internal.invokers.TestMethodWorker.run(TestMethodWorker.java:134)
at java.base/java.util.ArrayList.forEach(ArrayList.java:1597)
at org.testng.TestRunner.privateRun(TestRunner.java:739)
at org.testng.TestRunner.run(TestRunner.java:614)
at org.testng.SuiteRunner.runTest(SuiteRunner.java:421)
at org.testng.SuiteRunner.runSequentially(SuiteRunner.java:413)
at org.testng.SuiteRunner.privateRun(SuiteRunner.java:373)
at org.testng.SuiteRunner.run(SuiteRunner.java:312)
at org.testng.SuiteRunnerWorker.runSuite(SuiteRunnerWorker.java:52)
at org.testng.SuiteRunnerWorker.run(SuiteRunnerWorker.java:95)
at org.testng.TestNG.runSuitesSequentially(TestNG.java:1274)
at org.testng.TestNG.runSuitesLocally(TestNG.java:1208)
at org.testng.TestNG.runSuites(TestNG.java:1112)
at org.testng.TestNG.run(TestNG.java:1079)
at org.apache.maven.surefire.testng.TestNGExecutor.run(TestNGExecutor.java:284)
at org.apache.maven.surefire.testng.TestNGXmlTestSuite.execute(TestNGXmlTestSuite.java:75)
at org.apache.maven.surefire.testng.TestNGProvider.invoke(TestNGProvider.java:119)
at org.apache.maven.surefire.booter.ForkedBooter.runSuitesInProcess(ForkedBooter.java:428)
at org.apache.maven.surefire.booter.ForkedBooter.execute(ForkedBooter.java:162)
at org.apache.maven.surefire.booter.ForkedBooter.run(ForkedBooter.java:562)
at org.apache.maven.surefire.booter.ForkedBooter.main(ForkedBooter.java:548)
]]>
            </full-stacktrace>
          </exception> <!-- org.openqa.selenium.TimeoutException -->
          <reporter-output>
          </reporter-output>
        </test-method> <!-- login -->
        <test-method is-config="true" signature="afterSuite()[pri:0, instance:Tests.Logintest@7ca20101]" started-at="2024-09-21T16:13:30 IST" name="afterSuite" finished-at="2024-09-21T16:13:30 IST" duration-ms="255" status="PASS">
          <reporter-output>
          </reporter-output>
        </test-method> <!-- afterSuite -->
        <test-method is-config="true" signature="beforeSuite(java.lang.String)[pri:0, instance:Tests.Logintest@7ca20101]" started-at="2024-09-21T16:13:30 IST" name="beforeSuite" finished-at="2024-09-21T16:13:34 IST" duration-ms="3625" status="PASS">
          <params>
            <param index="0">
              <value>
                <![CDATA[Chrome]]>
              </value>
            </param>
          </params>
          <reporter-output>
          </reporter-output>
        </test-method> <!-- beforeSuite -->
        <test-method signature="login(java.lang.String,java.lang.String,java.lang.String,java.lang.String)[pri:2, instance:Tests.Logintest@7ca20101]" started-at="2024-09-21T16:13:34 IST" name="login" description="Login Test" data-provider="readingdatafromexcel" finished-at="2024-09-21T16:13:40 IST" duration-ms="5953" status="PASS">
          <params>
            <param index="0">
              <value>
                <![CDATA[9.514248426E9]]>
              </value>
            </param>
            <param index="1">
              <value>
                <![CDATA[Arun@12345]]>
              </value>
            </param>
            <param index="2">
              <value>
                <![CDATA[(//div[.='Hi Arun'])[1]]]>
              </value>
            </param>
            <param index="3">
              <value>
                <![CDATA[Hi Arun]]>
              </value>
            </param>
          </params>
          <reporter-output>
          </reporter-output>
        </test-method> <!-- login -->
        <test-method is-config="true" signature="afterSuite()[pri:0, instance:Tests.Logintest@7ca20101]" started-at="2024-09-21T16:13:40 IST" name="afterSuite" finished-at="2024-09-21T16:13:40 IST" duration-ms="135" status="PASS">
          <reporter-output>
          </reporter-output>
        </test-method> <!-- afterSuite -->
      </class> <!-- Tests.Logintest -->
      <class name="Tests.SignupTests">
        <test-method is-config="true" signature="beforetest()[pri:0, instance:Tests.SignupTests@1f3f02ee]" started-at="2024-09-21T16:09:27 IST" name="beforetest" finished-at="2024-09-21T16:09:27 IST" duration-ms="0" status="PASS">
          <reporter-output>
          </reporter-output>
        </test-method> <!-- beforetest -->
        <test-method is-config="true" signature="beforeSuite(java.lang.String)[pri:0, instance:Tests.SignupTests@1f3f02ee]" started-at="2024-09-21T16:09:28 IST" name="beforeSuite" finished-at="2024-09-21T16:09:31 IST" duration-ms="3862" status="PASS">
          <params>
            <param index="0">
              <value>
                <![CDATA[Chrome]]>
              </value>
            </param>
          </params>
          <reporter-output>
          </reporter-output>
        </test-method> <!-- beforeSuite -->
        <test-method signature="signuptest(java.lang.String,java.lang.String,java.lang.String,java.lang.String,java.lang.String,java.lang.String)[pri:1, instance:Tests.SignupTests@1f3f02ee]" started-at="2024-09-21T16:09:31 IST" name="signuptest" description="Signup Test" data-provider="readingdatafromexcel" finished-at="2024-09-21T16:10:52 IST" duration-ms="81033" status="PASS">
          <params>
            <param index="0">
              <value>
                <![CDATA[Arun]]>
              </value>
            </param>
            <param index="1">
              <value>
                <![CDATA[Kumar]]>
              </value>
            </param>
            <param index="2">
              <value>
                <![CDATA[9.514248426E9]]>
              </value>
            </param>
            <param index="3">
              <value>
                <![CDATA[arun@gmail.com]]>
              </value>
            </param>
            <param index="4">
              <value>
                <![CDATA[Arun@12345]]>
              </value>
            </param>
            <param index="5">
              <value>
                <![CDATA[Arun@12345]]>
              </value>
            </param>
          </params>
          <reporter-output>
          </reporter-output>
        </test-method> <!-- signuptest -->
        <test-method is-config="true" signature="afterSuite()[pri:0, instance:Tests.SignupTests@1f3f02ee]" started-at="2024-09-21T16:10:52 IST" name="afterSuite" finished-at="2024-09-21T16:10:53 IST" duration-ms="337" status="PASS">
          <reporter-output>
          </reporter-output>
        </test-method> <!-- afterSuite -->
      </class> <!-- Tests.SignupTests -->
    </test> <!-- Test1 -->
    <test started-at="2024-09-21T16:13:40 IST" name="Test2" finished-at="2024-09-21T16:15:15 IST" duration-ms="94369">
      <class name="Tests.Roundtriptest">
        <test-method is-config="true" signature="beforetest()[pri:0, instance:Tests.Roundtriptest@4982cc36]" started-at="2024-09-21T16:13:40 IST" name="beforetest" finished-at="2024-09-21T16:13:40 IST" duration-ms="0" status="PASS">
          <reporter-output>
          </reporter-output>
        </test-method> <!-- beforetest -->
        <test-method is-config="true" signature="beforeSuite(java.lang.String)[pri:0, instance:Tests.Roundtriptest@4982cc36]" started-at="2024-09-21T16:14:33 IST" name="beforeSuite" finished-at="2024-09-21T16:14:37 IST" duration-ms="4410" status="PASS">
          <params>
            <param index="0">
              <value>
                <![CDATA[Chrome]]>
              </value>
            </param>
          </params>
          <reporter-output>
          </reporter-output>
        </test-method> <!-- beforeSuite -->
        <test-method signature="roundtrip(java.lang.String,java.lang.String,java.lang.String,java.lang.String,java.lang.String)[pri:4, instance:Tests.Roundtriptest@4982cc36]" started-at="2024-09-21T16:14:37 IST" name="roundtrip" description="Roundtrip Test" data-provider="readingdatafromexcel" finished-at="2024-09-21T16:15:14 IST" duration-ms="37484" status="PASS">
          <params>
            <param index="0">
              <value>
                <![CDATA[Arun]]>
              </value>
            </param>
            <param index="1">
              <value>
                <![CDATA[Kumar]]>
              </value>
            </param>
            <param index="2">
              <value>
                <![CDATA[9.514248426E9]]>
              </value>
            </param>
            <param index="3">
              <value>
                <![CDATA[arun@gmail.com]]>
              </value>
            </param>
            <param index="4">
              <value>
                <![CDATA[Chennai]]>
              </value>
            </param>
          </params>
          <reporter-output>
          </reporter-output>
        </test-method> <!-- roundtrip -->
        <test-method is-config="true" signature="afterSuite()[pri:0, instance:Tests.Roundtriptest@4982cc36]" started-at="2024-09-21T16:15:14 IST" name="afterSuite" finished-at="2024-09-21T16:15:15 IST" duration-ms="286" status="PASS">
          <reporter-output>
          </reporter-output>
        </test-method> <!-- afterSuite -->
      </class> <!-- Tests.Roundtriptest -->
      <class name="Tests.Onewaytest">
        <test-method is-config="true" signature="beforetest()[pri:0, instance:Tests.Onewaytest@33fe57a9]" started-at="2024-09-21T16:13:40 IST" name="beforetest" finished-at="2024-09-21T16:13:40 IST" duration-ms="0" status="PASS">
          <reporter-output>
          </reporter-output>
        </test-method> <!-- beforetest -->
        <test-method is-config="true" signature="beforeSuite(java.lang.String)[pri:0, instance:Tests.Onewaytest@33fe57a9]" started-at="2024-09-21T16:13:40 IST" name="beforeSuite" finished-at="2024-09-21T16:13:44 IST" duration-ms="3836" status="PASS">
          <params>
            <param index="0">
              <value>
                <![CDATA[Chrome]]>
              </value>
            </param>
          </params>
          <reporter-output>
          </reporter-output>
        </test-method> <!-- beforeSuite -->
        <test-method signature="oneway(java.lang.String,java.lang.String,java.lang.String,java.lang.String,java.lang.String)[pri:3, instance:Tests.Onewaytest@33fe57a9]" started-at="2024-09-21T16:13:44 IST" name="oneway" description="Oneway Test" data-provider="readingdatafromexcel" finished-at="2024-09-21T16:14:32 IST" duration-ms="47906" status="PASS">
          <params>
            <param index="0">
              <value>
                <![CDATA[Arun]]>
              </value>
            </param>
            <param index="1">
              <value>
                <![CDATA[Kumar]]>
              </value>
            </param>
            <param index="2">
              <value>
                <![CDATA[9.514248426E9]]>
              </value>
            </param>
            <param index="3">
              <value>
                <![CDATA[arun@gmail.com]]>
              </value>
            </param>
            <param index="4">
              <value>
                <![CDATA[Chennai]]>
              </value>
            </param>
          </params>
          <reporter-output>
          </reporter-output>
        </test-method> <!-- oneway -->
        <test-method is-config="true" signature="afterSuite()[pri:0, instance:Tests.Onewaytest@33fe57a9]" started-at="2024-09-21T16:14:32 IST" name="afterSuite" finished-at="2024-09-21T16:14:32 IST" duration-ms="254" status="PASS">
          <reporter-output>
          </reporter-output>
        </test-method> <!-- afterSuite -->
      </class> <!-- Tests.Onewaytest -->
    </test> <!-- Test2 -->
    <test started-at="2024-09-21T16:15:15 IST" name="Test3" finished-at="2024-09-21T16:15:27 IST" duration-ms="12469">
      <class name="Tests.validatetest">
        <test-method is-config="true" signature="before()[pri:0, instance:Tests.validatetest@512535ff]" started-at="2024-09-21T16:15:15 IST" name="before" finished-at="2024-09-21T16:15:15 IST" duration-ms="0" status="PASS">
          <reporter-output>
          </reporter-output>
        </test-method> <!-- before -->
        <test-method is-config="true" signature="beforeSuite(java.lang.String)[pri:0, instance:Tests.validatetest@512535ff]" started-at="2024-09-21T16:15:15 IST" name="beforeSuite" finished-at="2024-09-21T16:15:18 IST" duration-ms="3465" status="PASS">
          <params>
            <param index="0">
              <value>
                <![CDATA[Chrome]]>
              </value>
            </param>
          </params>
          <reporter-output>
          </reporter-output>
        </test-method> <!-- beforeSuite -->
        <test-method signature="validate(java.lang.String,java.lang.String,java.lang.String)[pri:5, instance:Tests.validatetest@512535ff]" started-at="2024-09-21T16:15:18 IST" name="validate" description="Validation Test" data-provider="readingdatafromexcel" finished-at="2024-09-21T16:15:19 IST" duration-ms="339" status="PASS">
          <params>
            <param index="0">
              <value>
                <![CDATA[(//div[contains(text(),'check-in')])[1]]]>
              </value>
            </param>
            <param index="1">
              <value>
                <![CDATA[//div[.='Web Check-In']]]>
              </value>
            </param>
            <param index="2">
              <value>
                <![CDATA[Web Check-In]]>
              </value>
            </param>
          </params>
          <reporter-output>
          </reporter-output>
        </test-method> <!-- validate -->
        <test-method is-config="true" signature="afterSuite()[pri:0, instance:Tests.validatetest@512535ff]" started-at="2024-09-21T16:15:19 IST" name="afterSuite" finished-at="2024-09-21T16:15:19 IST" duration-ms="159" status="PASS">
          <reporter-output>
          </reporter-output>
        </test-method> <!-- afterSuite -->
        <test-method is-config="true" signature="beforeSuite(java.lang.String)[pri:0, instance:Tests.validatetest@512535ff]" started-at="2024-09-21T16:15:19 IST" name="beforeSuite" finished-at="2024-09-21T16:15:23 IST" duration-ms="4051" status="PASS">
          <params>
            <param index="0">
              <value>
                <![CDATA[Chrome]]>
              </value>
            </param>
          </params>
          <reporter-output>
          </reporter-output>
        </test-method> <!-- beforeSuite -->
        <test-method signature="validate(java.lang.String,java.lang.String,java.lang.String)[pri:5, instance:Tests.validatetest@512535ff]" started-at="2024-09-21T16:15:23 IST" name="validate" description="Validation Test" data-provider="readingdatafromexcel" finished-at="2024-09-21T16:15:23 IST" duration-ms="386" status="PASS">
          <params>
            <param index="0">
              <value>
                <![CDATA[(//div[contains(text(),'flight status')])[1]]]>
              </value>
            </param>
            <param index="1">
              <value>
                <![CDATA[//div[.='Flight Status']]]>
              </value>
            </param>
            <param index="2">
              <value>
                <![CDATA[Flight Status]]>
              </value>
            </param>
          </params>
          <reporter-output>
          </reporter-output>
        </test-method> <!-- validate -->
        <test-method is-config="true" signature="afterSuite()[pri:0, instance:Tests.validatetest@512535ff]" started-at="2024-09-21T16:15:23 IST" name="afterSuite" finished-at="2024-09-21T16:15:23 IST" duration-ms="135" status="PASS">
          <reporter-output>
          </reporter-output>
        </test-method> <!-- afterSuite -->
        <test-method is-config="true" signature="beforeSuite(java.lang.String)[pri:0, instance:Tests.validatetest@512535ff]" started-at="2024-09-21T16:15:23 IST" name="beforeSuite" finished-at="2024-09-21T16:15:27 IST" duration-ms="3401" status="PASS">
          <params>
            <param index="0">
              <value>
                <![CDATA[Chrome]]>
              </value>
            </param>
          </params>
          <reporter-output>
          </reporter-output>
        </test-method> <!-- beforeSuite -->
        <test-method signature="validate(java.lang.String,java.lang.String,java.lang.String)[pri:5, instance:Tests.validatetest@512535ff]" started-at="2024-09-21T16:15:27 IST" name="validate" description="Validation Test" data-provider="readingdatafromexcel" finished-at="2024-09-21T16:15:27 IST" duration-ms="299" status="PASS">
          <params>
            <param index="0">
              <value>
                <![CDATA[(//div[contains(text(),'manage booking')])[1]]]>
              </value>
            </param>
            <param index="1">
              <value>
                <![CDATA[//div[.='View / Manage Booking']]]>
              </value>
            </param>
            <param index="2">
              <value>
                <![CDATA[View / Manage Booking]]>
              </value>
            </param>
          </params>
          <reporter-output>
          </reporter-output>
        </test-method> <!-- validate -->
        <test-method is-config="true" signature="afterSuite()[pri:0, instance:Tests.validatetest@512535ff]" started-at="2024-09-21T16:15:27 IST" name="afterSuite" finished-at="2024-09-21T16:15:27 IST" duration-ms="151" status="PASS">
          <reporter-output>
          </reporter-output>
        </test-method> <!-- afterSuite -->
      </class> <!-- Tests.validatetest -->
    </test> <!-- Test3 -->
  </suite> <!-- Suite -->
</testng-results>
